<?xml version="1.0" encoding="UTF-8"?>
<!-- Generated by org.testng.reporters.JUnitReportReporter -->
<testsuite hostname="LAPTOP-N2KCGJJC" failures="0" tests="1" name="com.theinternet.AddtoCart" time="10.343" errors="0" timestamp="08 Oct 2022 06:45:10 GMT" skipped="0">
  <testcase classname="com.theinternet.AddtoCart" name="registrationTest" time="10.343"/>
</testsuite> <!-- com.theinternet.AddtoCart -->
