<?xml version="1.0" encoding="UTF-8"?>
<!-- Generated by org.testng.reporters.JUnitReportReporter -->
<testsuite hostname="LAPTOP-N2KCGJJC" failures="0" tests="1" name="com.theinternet.SearchBar" time="14.262" errors="0" timestamp="08 Oct 2022 06:44:03 GMT" skipped="0">
  <testcase classname="com.theinternet.SearchBar" name="registrationTest" time="14.262"/>
</testsuite> <!-- com.theinternet.SearchBar -->
