<?xml version="1.0" encoding="UTF-8"?>
<!-- Generated by org.testng.reporters.JUnitReportReporter -->
<testsuite hostname="LAPTOP-N2KCGJJC" failures="0" tests="3" name="Ecommerce.Testing" time="45.817" errors="0" timestamp="2022-10-18T11:54:19 IST" skipped="0">
  <testcase classname="Ecommerce.Testing" name="home" time="44.619"/>
  <system-out/>
  <testcase classname="Ecommerce.Testing" name="search" time="1.176"/>
  <system-out/>
  <testcase classname="Ecommerce.Testing" name="pageHeight" time="0.022"/>
  <system-out/>
</testsuite> <!-- Ecommerce.Testing -->
